This is pdfTeX, Version 3.14159265-2.6-1.40.20 (TeX Live 2019) (preloaded format=pdflatex 2019.5.8)  20 AUG 2019 17:46
entering extended mode
 restricted \write18 enabled.
 file:line:error style messages enabled.
 %&-line parsing enabled.
**"yogo_empirical_results_2019-08-20 17:40:25.tex"
(./yogo_empirical_results_2019-08-20 17:40:25.tex
LaTeX2e <2018-12-01>

./yogo_empirical_results_2019-08-20 17:40:25.tex:3: LaTeX Error: Environment ta
ble undefined.

See the LaTeX manual or LaTeX Companion for explanation.
Type  H <return>  for immediate help.
 ...                                              
                                                  
l.3 \begin{table}
                 [ht]
? 
./yogo_empirical_results_2019-08-20 17:40:25.tex:3: Emergency stop.
 ...                                              
                                                  
l.3 \begin{table}
                 [ht]
Your command was ignored.
Type  I <command> <return>  to replace it with another command,
or  <return>  to continue without it.

 
Here is how much of TeX's memory you used:
 6 strings out of 492616
 405 string characters out of 6129482
 57188 words of memory out of 5000000
 4025 multiletter control sequences out of 15000+600000
 3640 words of font info for 14 fonts, out of 8000000 for 9000
 1141 hyphenation exceptions out of 8191
 5i,0n,4p,109b,16s stack positions out of 5000i,500n,10000p,200000b,80000s
./yogo_empirical_results_2019-08-20 17:40:25.tex:3:  ==> Fatal error occurred, 
no output PDF file produced!
